| 0     | 一次性快餐盒 | 0.18686 |
| 1     | 书籍纸张     | 0.09091 |
| 2     | 充电宝       | 0.31948 |
| 3     | 剩饭剩菜     | 0.23640 |
| 4     | 包           | 0.57113 |
| 5     | 垃圾桶       | 0.00000 |
| 6     | 塑料器皿     | 0.41479 |
| 7     | 塑料玩具     | 0.24200 |
| 8     | 塑料衣架     | 0.49528 |
| 9     | 大骨头       | 0.54160 |
| 10    | 干电池       | 0.17177 |
| 11    | 快递纸袋     | 0.26263 |
| 12    | 插头电线     | 0.06199 |
| 13    | 旧衣服       | 0.56382 |
| 14    | 易拉罐       | 0.15682 |
| 15    | 枕头         | 0.67167 |
| 16    | 果皮果肉     | 0.38056 |
| 17    | 毛绒玩具     | 0.66467 |
| 18    | 污损塑料     | 0.17337 |
| 19    | 污损用纸     | 0.01176 |
| 20    | 洗护用品     | 0.28974 |
| 21    | 烟蒂         | 0.10390 |
| 22    | 牙签         | 0.38433 |
| 23    | 玻璃器皿     | 0.16871 |
| 24    | 砧板         | 0.47467 |
| 25    | 筷子         | 0.34314 |
| 26    | 纸盒纸箱     | 0.31441 |
| 27    | 花盆         | 0.26087 |
| 28    | 茶叶渣       | 0.62376 |
| 29    | 菜帮菜叶     | 0.42636 |
| 30    | 蛋壳         | 0.14275 |
| 31    | 调料瓶       | 0.19637 |
| 32    | 软膏         | 0.36804 |
| 33    | 过期药物     | 0.30270 |
| 34    | 酒瓶         | 0.35977 |
| 35    | 金属厨具     | 0.27494 |
| 36    | 金属器皿     | 0.05882 |
| 37    | 金属食品罐   | 0.17262 |
| 38    | 锅           | 0.45059 |
| 39    | 陶瓷器皿     | 0.30028 |
| 40    | 鞋           | 0.26376 |
| 41    | 食用油桶     | 0.46406 |
| 42    | 饮料瓶       | 0.05108 |
| 43    | 鱼骨         | 0.18390 |
